<?xml version="1.0" encoding="UTF-8"?>
<!-- Generated by org.testng.reporters.JUnitReportReporter -->
<testsuite hostname="DESKTOP-B7KJV5D" failures="0" tests="1" name="com.comcast.CampaignTest.CampaignTest" time="0.012" errors="0" timestamp="2022-05-10T17:11:41 IST" skipped="0">
  <testcase classname="com.comcast.CampaignTest.CampaignTest" name="CreateCampaignTest" time="0.012"/>
  <system-out/>
</testsuite> <!-- com.comcast.CampaignTest.CampaignTest -->
